[ 2016-11-05T00:26:55+08:00 ] 127.0.0.1 /index.php/Home/Register/chkUsername
INFO: [ app_begin ] --START--
INFO: Run Behavior\ReadHtmlCacheBehavior [ RunTime:0.000554s ]
INFO: [ app_begin ] --END-- [ RunTime:0.000988s ]
SQL: SHOW COLUMNS FROM `blogag_register` [ RunTime:0.0080s ]
ERR: SQLSTATE[42S22]: Column not found: 1054 Unknown column 'zhangjun' in 'where clause'

[ 2016-11-05T00:27:09+08:00 ] 127.0.0.1 /index.php/Home/Register/chkUsername
INFO: [ app_begin ] --START--
INFO: Run Behavior\ReadHtmlCacheBehavior [ RunTime:0.000671s ]
INFO: [ app_begin ] --END-- [ RunTime:0.001248s ]
SQL: SHOW COLUMNS FROM `blogag_register` [ RunTime:0.0065s ]
ERR: SQLSTATE[42S22]: Column not found: 1054 Unknown column 'zhangjun' in 'where clause'

[ 2016-11-05T00:28:12+08:00 ] 127.0.0.1 /index.php/Home/Register/chkUsername
INFO: [ app_begin ] --START--
INFO: Run Behavior\ReadHtmlCacheBehavior [ RunTime:0.000856s ]
INFO: [ app_begin ] --END-- [ RunTime:0.001543s ]
SQL: SHOW COLUMNS FROM `blogag_register` [ RunTime:0.0080s ]
ERR: SQLSTATE[42S22]: Column not found: 1054 Unknown column 'zhangjun' in 'where clause'

[ 2016-11-05T00:28:55+08:00 ] 127.0.0.1 /index.php/Home/Register/chkUsername
INFO: [ app_begin ] --START--
INFO: Run Behavior\ReadHtmlCacheBehavior [ RunTime:0.000487s ]
INFO: [ app_begin ] --END-- [ RunTime:0.000966s ]
SQL: SHOW COLUMNS FROM `blogag_register` [ RunTime:0.0076s ]
ERR: SQLSTATE[42S22]: Column not found: 1054 Unknown column 'zhangjun' in 'where clause'

[ 2016-11-05T17:19:15+08:00 ] 127.0.0.1 /
ERR: SQLSTATE[HY000] [1045] Access denied for user 'root'@'localhost' (using password: YES)

[ 2016-11-05T17:20:10+08:00 ] 127.0.0.1 /index.php/Home/Register/chkUsername
INFO: [ app_begin ] --START--
INFO: Run Behavior\ReadHtmlCacheBehavior [ RunTime:0.000779s ]
INFO: [ app_begin ] --END-- [ RunTime:0.001521s ]
SQL: SHOW COLUMNS FROM `blogag_register` [ RunTime:0.2028s ]
ERR: SQLSTATE[42000]: Syntax error or access violation: 1064 You have an error in your SQL syntax; check the manual that corresponds to your MySQL server version for the right syntax to use near ') LIMIT 1' at line 1

[ 2016-11-05T17:20:25+08:00 ] 127.0.0.1 /index.php/Home/Register/chkUsername
INFO: [ app_begin ] --START--
INFO: Run Behavior\ReadHtmlCacheBehavior [ RunTime:0.000663s ]
INFO: [ app_begin ] --END-- [ RunTime:0.001155s ]
SQL: SHOW COLUMNS FROM `blogag_register` [ RunTime:0.0606s ]
ERR: SQLSTATE[42000]: Syntax error or access violation: 1064 You have an error in your SQL syntax; check the manual that corresponds to your MySQL server version for the right syntax to use near ') LIMIT 1' at line 1

[ 2016-11-05T17:26:24+08:00 ] 127.0.0.1 /index.php/Home/Register/chkUsername
INFO: [ app_begin ] --START--
INFO: Run Behavior\ReadHtmlCacheBehavior [ RunTime:0.000689s ]
INFO: [ app_begin ] --END-- [ RunTime:0.001333s ]
SQL: SHOW COLUMNS FROM `blogag_register` [ RunTime:0.0288s ]
ERR: SQLSTATE[42S22]: Column not found: 1054 Unknown column 'zhangjun' in 'where clause'

[ 2016-11-05T17:26:35+08:00 ] 127.0.0.1 /index.php/Home/Register/chkUsername
INFO: [ app_begin ] --START--
INFO: Run Behavior\ReadHtmlCacheBehavior [ RunTime:0.000730s ]
INFO: [ app_begin ] --END-- [ RunTime:0.001497s ]
SQL: SHOW COLUMNS FROM `blogag_register` [ RunTime:0.0159s ]
ERR: SQLSTATE[42S22]: Column not found: 1054 Unknown column 'zhangjun' in 'where clause'

[ 2016-11-05T17:30:07+08:00 ] 127.0.0.1 /index.php/Home/Register/chkUsername
INFO: [ app_begin ] --START--
INFO: Run Behavior\ReadHtmlCacheBehavior [ RunTime:0.000705s ]
INFO: [ app_begin ] --END-- [ RunTime:0.001393s ]
SQL: SHOW COLUMNS FROM `blogag_register` [ RunTime:0.0147s ]
ERR: SQLSTATE[42S22]: Column not found: 1054 Unknown column 'zhangjun' in 'where clause'

[ 2016-11-05T17:33:48+08:00 ] 127.0.0.1 /index.php/Home/Register/chkUsername
INFO: [ app_begin ] --START--
INFO: Run Behavior\ReadHtmlCacheBehavior [ RunTime:0.000650s ]
INFO: [ app_begin ] --END-- [ RunTime:0.001239s ]
SQL: SHOW COLUMNS FROM `blogag_register` [ RunTime:0.0111s ]
ERR: SQLSTATE[42S22]: Column not found: 1054 Unknown column 'zhangjun' in 'where clause'

[ 2016-11-05T17:33:59+08:00 ] 127.0.0.1 /index.php/Home/Register/doRegister
ERR: SQLSTATE[42S22]: Column not found: 1054 Unknown column 'zhangjun' in 'where clause'

[ 2016-11-05T17:34:56+08:00 ] 127.0.0.1 /index.php/Home/Register/chkUsername
INFO: [ app_begin ] --START--
INFO: Run Behavior\ReadHtmlCacheBehavior [ RunTime:0.000648s ]
INFO: [ app_begin ] --END-- [ RunTime:0.001091s ]
SQL: SHOW COLUMNS FROM `blogag_register` [ RunTime:0.0135s ]
ERR: SQLSTATE[42S22]: Column not found: 1054 Unknown column 'zhangjun' in 'where clause'

[ 2016-11-05T17:35:03+08:00 ] 127.0.0.1 /index.php/Home/Register/doRegister
ERR: SQLSTATE[42S22]: Column not found: 1054 Unknown column 'zhangjun' in 'where clause'

[ 2016-11-05T17:35:45+08:00 ] 127.0.0.1 /index.php/Home/Register/chkUsername
INFO: [ app_begin ] --START--
INFO: Run Behavior\ReadHtmlCacheBehavior [ RunTime:0.000538s ]
INFO: [ app_begin ] --END-- [ RunTime:0.000980s ]
SQL: SHOW COLUMNS FROM `blogag_register` [ RunTime:0.0141s ]
ERR: SQLSTATE[42S22]: Column not found: 1054 Unknown column 'zhangjun' in 'where clause'

[ 2016-11-05T17:54:44+08:00 ] 127.0.0.1 /index.php/Home/Register/chkUsername
INFO: [ app_begin ] --START--
INFO: Run Behavior\ReadHtmlCacheBehavior [ RunTime:0.000647s ]
INFO: [ app_begin ] --END-- [ RunTime:0.001497s ]
SQL: SHOW COLUMNS FROM `blogag_register` [ RunTime:0.0489s ]
ERR: SQLSTATE[42S22]: Column not found: 1054 Unknown column 'zhangjun' in 'where clause'

[ 2016-11-05T17:55:22+08:00 ] 127.0.0.1 /index.php/Home/Register/chkUsername
INFO: [ app_begin ] --START--
INFO: Run Behavior\ReadHtmlCacheBehavior [ RunTime:0.000692s ]
INFO: [ app_begin ] --END-- [ RunTime:0.001227s ]
SQL: SHOW COLUMNS FROM `blogag_register` [ RunTime:0.0175s ]
SQL: SELECT * FROM `blogag_register` WHERE ( username = 'zhangjun' ) LIMIT 1   [ RunTime:0.0004s ]
INFO: [ app_end ] --START--
INFO: Run Behavior\ShowPageTraceBehavior [ RunTime:0.000709s ]
INFO: [ app_end ] --END-- [ RunTime:0.000756s ]

[ 2016-11-05T17:55:34+08:00 ] 127.0.0.1 /index.php/Home/Register/chkUsername
INFO: [ app_begin ] --START--
INFO: Run Behavior\ReadHtmlCacheBehavior [ RunTime:0.000745s ]
INFO: [ app_begin ] --END-- [ RunTime:0.001406s ]
SQL: SHOW COLUMNS FROM `blogag_register` [ RunTime:0.0167s ]
SQL: SELECT * FROM `blogag_register` WHERE ( username = 'zhangjun' ) LIMIT 1   [ RunTime:0.0003s ]
INFO: [ app_end ] --START--
INFO: Run Behavior\ShowPageTraceBehavior [ RunTime:0.000583s ]
INFO: [ app_end ] --END-- [ RunTime:0.000622s ]

[ 2016-11-05T17:55:53+08:00 ] 127.0.0.1 /index.php/Home/Register/chkUsername
INFO: [ app_begin ] --START--
INFO: Run Behavior\ReadHtmlCacheBehavior [ RunTime:0.000627s ]
INFO: [ app_begin ] --END-- [ RunTime:0.001183s ]
SQL: SHOW COLUMNS FROM `blogag_register` [ RunTime:0.0170s ]
SQL: SELECT * FROM `blogag_register` WHERE ( username = 'zhangjun' ) LIMIT 1   [ RunTime:0.0005s ]
INFO: [ app_end ] --START--
INFO: Run Behavior\ShowPageTraceBehavior [ RunTime:0.000816s ]
INFO: [ app_end ] --END-- [ RunTime:0.000877s ]

[ 2016-11-05T18:01:16+08:00 ] 127.0.0.1 /index.php/Home/Article/lst/id/
ERR: SQLSTATE[42000]: Syntax error or access violation: 1064 You have an error in your SQL syntax; check the manual that corresponds to your MySQL server version for the right syntax to use near ') LIMIT 1' at line 1

[ 2016-11-05T18:48:29+08:00 ] 127.0.0.1 /
ERR: SQLSTATE[42000]: Syntax error or access violation: 1064 You have an error in your SQL syntax; check the manual that corresponds to your MySQL server version for the right syntax to use near 'count(*) as num from blogag_cate as a left join blogag_article as b on a.cate_id' at line 1

[ 2016-11-05T18:49:20+08:00 ] 127.0.0.1 /
ERR: SQLSTATE[42000]: Syntax error or access violation: 1064 You have an error in your SQL syntax; check the manual that corresponds to your MySQL server version for the right syntax to use near 'count(pid) as num from blogag_cate as a left join blogag_article as b on a.cate_' at line 1

[ 2016-11-05T18:49:39+08:00 ] 127.0.0.1 /
ERR: SQLSTATE[42000]: Syntax error or access violation: 1064 You have an error in your SQL syntax; check the manual that corresponds to your MySQL server version for the right syntax to use near 'count(b.pid) as num from blogag_cate as a left join blogag_article as b on a.cat' at line 1

