[ 2016-11-01T21:45:19+08:00 ] 127.0.0.1 /index.php/Admin/Login/login
ERR: SQLSTATE[42S02]: Base table or view not found: 1146 Table 'blogagain.blogag_admin' doesn't exist

[ 2016-11-01T21:51:34+08:00 ] 127.0.0.1 /index.php/Admin/Article/change_recom?id=9&value=1&field=isrecommend&_=1478008293512
INFO: [ app_begin ] --START--
INFO: Run Behavior\ReadHtmlCacheBehavior [ RunTime:0.001189s ]
INFO: [ app_begin ] --END-- [ RunTime:0.001960s ]
SQL: SHOW COLUMNS FROM `blogag_article` [ RunTime:0.0127s ]
SQL: UPDATE `blogag_article` SET `isrecommend`='0' WHERE ( id = 9 ) [ RunTime:0.0012s ]
INFO: [ app_end ] --START--
INFO: Run Behavior\ShowPageTraceBehavior [ RunTime:0.001786s ]
INFO: [ app_end ] --END-- [ RunTime:0.001862s ]

[ 2016-11-01T21:51:36+08:00 ] 127.0.0.1 /index.php/Admin/Article/change_recom?id=9&value=0&field=isrecommend&_=1478008295827
INFO: [ app_begin ] --START--
INFO: Run Behavior\ReadHtmlCacheBehavior [ RunTime:0.000661s ]
INFO: [ app_begin ] --END-- [ RunTime:0.001176s ]
SQL: SHOW COLUMNS FROM `blogag_article` [ RunTime:0.0106s ]
SQL: UPDATE `blogag_article` SET `isrecommend`='1' WHERE ( id = 9 ) [ RunTime:0.0005s ]
INFO: [ app_end ] --START--
INFO: Run Behavior\ShowPageTraceBehavior [ RunTime:0.001172s ]
INFO: [ app_end ] --END-- [ RunTime:0.001240s ]

[ 2016-11-01T22:36:30+08:00 ] 127.0.0.1 /index.php/Admin/Article/change_recom?id=12&value=0&field=isrecommend&_=1478010989566
INFO: [ app_begin ] --START--
INFO: Run Behavior\ReadHtmlCacheBehavior [ RunTime:0.000705s ]
INFO: [ app_begin ] --END-- [ RunTime:0.001167s ]
SQL: SHOW COLUMNS FROM `blogag_article` [ RunTime:0.0121s ]
SQL: UPDATE `blogag_article` SET `isrecommend`='1' WHERE ( id = 12 ) [ RunTime:0.0010s ]
INFO: [ app_end ] --START--
INFO: Run Behavior\ShowPageTraceBehavior [ RunTime:0.001911s ]
INFO: [ app_end ] --END-- [ RunTime:0.002050s ]

